<?xml version="1.0" encoding="UTF-8"?>
<!-- Generated by org.testng.reporters.JUnitReportReporter -->
<testsuite hostname="PC143191" name="com.mop.qa.test.bvt.CanvasTest_file" tests="1" failures="0" timestamp="19 Dec 2015 12:05:59 GMT" time="296.549" errors="0">
  <testcase name="testNBC" time="296.549" classname="com.mop.qa.test.bvt.CanvasTest_file"/>
</testsuite> <!-- com.mop.qa.test.bvt.CanvasTest_file -->
