<?xml version="1.0" encoding="UTF-8"?>
<!-- Generated by org.testng.reporters.JUnitReportReporter -->
<testsuite hostname="PC133181" name="com.mop.qa.test.bvt.Canvasintruct_native_file" tests="1" failures="0" timestamp="14 Dec 2015 16:45:35 GMT" time="454.746" errors="0">
  <testcase name="testNBC" time="454.746" classname="com.mop.qa.test.bvt.Canvasintruct_native_file"/>
</testsuite> <!-- com.mop.qa.test.bvt.Canvasintruct_native_file -->
