<?xml version="1.0" encoding="UTF-8"?>
<!-- Generated by org.testng.reporters.JUnitReportReporter -->
<testsuite hostname="PC143191" name="com.mop.qa.test.bvt.Test_TakeAssesment" tests="8" failures="0" timestamp="23 Dec 2015 13:18:24 GMT" time="91.923" errors="0">
  <testcase name="testNBC" time="11.740" classname="com.mop.qa.test.bvt.Test_TakeAssesment"/>
  <testcase name="testNBC" time="12.038" classname="com.mop.qa.test.bvt.Test_TakeAssesment"/>
  <testcase name="testNBC" time="11.312" classname="com.mop.qa.test.bvt.Test_TakeAssesment"/>
  <testcase name="testNBC" time="10.891" classname="com.mop.qa.test.bvt.Test_TakeAssesment"/>
  <testcase name="testNBC" time="11.297" classname="com.mop.qa.test.bvt.Test_TakeAssesment"/>
  <testcase name="testNBC" time="11.896" classname="com.mop.qa.test.bvt.Test_TakeAssesment"/>
  <testcase name="testNBC" time="11.021" classname="com.mop.qa.test.bvt.Test_TakeAssesment"/>
  <testcase name="testNBC" time="11.728" classname="com.mop.qa.test.bvt.Test_TakeAssesment"/>
</testsuite> <!-- com.mop.qa.test.bvt.Test_TakeAssesment -->
