<?xml version="1.0" encoding="UTF-8"?>
<!-- Generated by org.testng.reporters.JUnitReportReporter -->
<testsuite hostname="PC143191" name="com.mop.qa.test.bvt.Canvasinstr_perform_file" tests="1" failures="0" timestamp="15 Dec 2015 12:28:37 GMT" time="73.270" errors="0">
  <testcase name="testNBC" time="73.270" classname="com.mop.qa.test.bvt.Canvasinstr_perform_file"/>
</testsuite> <!-- com.mop.qa.test.bvt.Canvasinstr_perform_file -->
