<?xml version="1.0" encoding="UTF-8"?>
<!-- Generated by org.testng.reporters.JUnitReportReporter -->
<testsuite hostname="PC143191" name="com.mop.qa.test.bvt.Canvasintructest_file" tests="1" failures="0" timestamp="17 Dec 2015 15:55:10 GMT" time="149.923" errors="0">
  <testcase name="testNBC" time="149.923" classname="com.mop.qa.test.bvt.Canvasintructest_file"/>
</testsuite> <!-- com.mop.qa.test.bvt.Canvasintructest_file -->
